<?xml version="1.0" encoding="UTF-8"?>
<testng-results ignored="1" total="22" passed="21" failed="0" skipped="0">
  <reporter-output>
    <line>
      <![CDATA[REQUEST: POST Sign up - /waesheroes/api/v1/users]]>
    </line>
    <line>
      <![CDATA[Header -> Content-Type: application/json]]>
    </line>
    <line>
      <![CDATA[Body -> {"password":"waestestpass","name":"New test user 108","dateOfBirth":"2019-10-06","id":0,"isAdmin":false,"email":"newtestuser108@wearewaes.com","superpower":"Henki dama","username":"test-user-108"}]]>
    </line>
    <line>
      <![CDATA[RESPONSE: ]]>
    </line>
    <line>
      <![CDATA[Code -> 201]]>
    </line>
    <line>
      <![CDATA[Body -> {"id":0,"name":"New test user 108","username":"test-user-108","email":"newtestuser108@wearewaes.com","superpower":"Henki dama","dateOfBirth":"2019-10-06","isAdmin":false}]]>
    </line>
    <line>
      <![CDATA[REQUEST: GET User - /waesheroes/api/v1/users/details]]>
    </line>
    <line>
      <![CDATA[Query params -> username: test-user-108]]>
    </line>
    <line>
      <![CDATA[RESPONSE: ]]>
    </line>
    <line>
      <![CDATA[Code -> 200]]>
    </line>
    <line>
      <![CDATA[Body -> {"id":5,"name":"New test user 108","username":"test-user-108","email":"newtestuser108@wearewaes.com","superpower":"Henki dama","dateOfBirth":"2019-10-06","isAdmin":false}]]>
    </line>
    <line>
      <![CDATA[RUNNING TEST: *** updateUserRegressionCases_WithId ***]]>
    </line>
    <line>
      <![CDATA[step 1: Perform PUT user call with parametrized payload]]>
    </line>
    <line>
      <![CDATA[REQUEST: PUT User - /waesheroes/api/v1/users]]>
    </line>
    <line>
      <![CDATA[Header -> Content-Type: application/json]]>
    </line>
    <line>
      <![CDATA[Header -> Authorization: Basic dGVzdC11c2VyLTEwODp3YWVzdGVzdHBhc3M=]]>
    </line>
    <line>
      <![CDATA[Body -> {"password":"waestestpass","name":"New test user 108","dateOfBirth":"2019-10-06","id":5,"isAdmin":false,"email":"newtestuser108@wearewaes.com","superpower":"Henki dama","username":"test-user-108"}]]>
    </line>
    <line>
      <![CDATA[RESPONSE: ]]>
    </line>
    <line>
      <![CDATA[Code -> 200]]>
    </line>
    <line>
      <![CDATA[Body -> {"id":5,"name":"New test user 108","username":"test-user-108","email":"newtestuser108@wearewaes.com","superpower":"Henki dama","dateOfBirth":"2019-10-06","isAdmin":false}]]>
    </line>
    <line>
      <![CDATA[step 2: Validate response code and message is the expected (if necessary).]]>
    </line>
    <line>
      <![CDATA[RUNNING TEST: *** updateUserRegressionCases_EmptyName ***]]>
    </line>
    <line>
      <![CDATA[step 1: Perform PUT user call with parametrized payload]]>
    </line>
    <line>
      <![CDATA[REQUEST: PUT User - /waesheroes/api/v1/users]]>
    </line>
    <line>
      <![CDATA[Header -> Content-Type: application/json]]>
    </line>
    <line>
      <![CDATA[Header -> Authorization: Basic dGVzdC11c2VyLTEwODp3YWVzdGVzdHBhc3M=]]>
    </line>
    <line>
      <![CDATA[Body -> {"password":"waestestpass","name":"","dateOfBirth":"2019-10-06","id":5,"isAdmin":false,"email":"newtestuser108@wearewaes.com","superpower":"Henki dama","username":"test-user-108"}]]>
    </line>
    <line>
      <![CDATA[RESPONSE: ]]>
    </line>
    <line>
      <![CDATA[Code -> 200]]>
    </line>
    <line>
      <![CDATA[Body -> {"id":5,"name":"","username":"test-user-108","email":"newtestuser108@wearewaes.com","superpower":"Henki dama","dateOfBirth":"2019-10-06","isAdmin":false}]]>
    </line>
    <line>
      <![CDATA[step 2: Validate response code and message is the expected (if necessary).]]>
    </line>
    <line>
      <![CDATA[RUNNING TEST: *** updateUserRegressionCases_EmptyUsername ***]]>
    </line>
    <line>
      <![CDATA[step 1: Perform PUT user call with parametrized payload]]>
    </line>
    <line>
      <![CDATA[REQUEST: PUT User - /waesheroes/api/v1/users]]>
    </line>
    <line>
      <![CDATA[Header -> Content-Type: application/json]]>
    </line>
    <line>
      <![CDATA[Header -> Authorization: Basic dGVzdC11c2VyLTEwODp3YWVzdGVzdHBhc3M=]]>
    </line>
    <line>
      <![CDATA[Body -> {"password":"waestestpass","name":"New test user 108","dateOfBirth":"2019-10-06","id":5,"isAdmin":false,"email":"newtestuser108@wearewaes.com","superpower":"Henki dama","username":"test-user-108"}]]>
    </line>
    <line>
      <![CDATA[RESPONSE: ]]>
    </line>
    <line>
      <![CDATA[Code -> 200]]>
    </line>
    <line>
      <![CDATA[Body -> {"id":5,"name":"New test user 108","username":"test-user-108","email":"newtestuser108@wearewaes.com","superpower":"Henki dama","dateOfBirth":"2019-10-06","isAdmin":false}]]>
    </line>
    <line>
      <![CDATA[step 2: Validate response code and message is the expected (if necessary).]]>
    </line>
    <line>
      <![CDATA[RUNNING TEST: *** updateUserRegressionCases_EmptyEmail ***]]>
    </line>
    <line>
      <![CDATA[step 1: Perform PUT user call with parametrized payload]]>
    </line>
    <line>
      <![CDATA[REQUEST: PUT User - /waesheroes/api/v1/users]]>
    </line>
    <line>
      <![CDATA[Header -> Content-Type: application/json]]>
    </line>
    <line>
      <![CDATA[Header -> Authorization: Basic dGVzdC11c2VyLTEwODp3YWVzdGVzdHBhc3M=]]>
    </line>
    <line>
      <![CDATA[Body -> {"password":"waestestpass","name":"New test user 108","dateOfBirth":"2019-10-06","id":5,"isAdmin":false,"email":"","superpower":"Henki dama","username":"test-user-108"}]]>
    </line>
    <line>
      <![CDATA[RESPONSE: ]]>
    </line>
    <line>
      <![CDATA[Code -> 200]]>
    </line>
    <line>
      <![CDATA[Body -> {"id":5,"name":"New test user 108","username":"test-user-108","email":"","superpower":"Henki dama","dateOfBirth":"2019-10-06","isAdmin":false}]]>
    </line>
    <line>
      <![CDATA[step 2: Validate response code and message is the expected (if necessary).]]>
    </line>
    <line>
      <![CDATA[RUNNING TEST: *** updateUserRegressionCases_EmptySuperpower ***]]>
    </line>
    <line>
      <![CDATA[step 1: Perform PUT user call with parametrized payload]]>
    </line>
    <line>
      <![CDATA[REQUEST: PUT User - /waesheroes/api/v1/users]]>
    </line>
    <line>
      <![CDATA[Header -> Content-Type: application/json]]>
    </line>
    <line>
      <![CDATA[Header -> Authorization: Basic dGVzdC11c2VyLTEwODp3YWVzdGVzdHBhc3M=]]>
    </line>
    <line>
      <![CDATA[Body -> {"password":"waestestpass","name":"New test user 108","dateOfBirth":"2019-10-06","id":5,"isAdmin":false,"email":"newtestuser108@wearewaes.com","superpower":"","username":"test-user-108"}]]>
    </line>
    <line>
      <![CDATA[RESPONSE: ]]>
    </line>
    <line>
      <![CDATA[Code -> 200]]>
    </line>
    <line>
      <![CDATA[Body -> {"id":5,"name":"New test user 108","username":"test-user-108","email":"newtestuser108@wearewaes.com","superpower":"","dateOfBirth":"2019-10-06","isAdmin":false}]]>
    </line>
    <line>
      <![CDATA[step 2: Validate response code and message is the expected (if necessary).]]>
    </line>
    <line>
      <![CDATA[RUNNING TEST: *** updateUserRegressionCases_EmptyDateOfBirth ***]]>
    </line>
    <line>
      <![CDATA[step 1: Perform PUT user call with parametrized payload]]>
    </line>
    <line>
      <![CDATA[REQUEST: PUT User - /waesheroes/api/v1/users]]>
    </line>
    <line>
      <![CDATA[Header -> Content-Type: application/json]]>
    </line>
    <line>
      <![CDATA[Header -> Authorization: Basic dGVzdC11c2VyLTEwODp3YWVzdGVzdHBhc3M=]]>
    </line>
    <line>
      <![CDATA[Body -> {"password":"waestestpass","name":"New test user 108","dateOfBirth":"","id":5,"isAdmin":false,"email":"newtestuser108@wearewaes.com","superpower":"Henki dama","username":"test-user-108"}]]>
    </line>
    <line>
      <![CDATA[RESPONSE: ]]>
    </line>
    <line>
      <![CDATA[Code -> 200]]>
    </line>
    <line>
      <![CDATA[Body -> {"id":5,"name":"New test user 108","username":"test-user-108","email":"newtestuser108@wearewaes.com","superpower":"Henki dama","dateOfBirth":null,"isAdmin":false}]]>
    </line>
    <line>
      <![CDATA[step 2: Validate response code and message is the expected (if necessary).]]>
    </line>
    <line>
      <![CDATA[RUNNING TEST: *** updateUserRegressionCases_EmptyIsAdmin ***]]>
    </line>
    <line>
      <![CDATA[step 1: Perform PUT user call with parametrized payload]]>
    </line>
    <line>
      <![CDATA[REQUEST: PUT User - /waesheroes/api/v1/users]]>
    </line>
    <line>
      <![CDATA[Header -> Content-Type: application/json]]>
    </line>
    <line>
      <![CDATA[Header -> Authorization: Basic dGVzdC11c2VyLTEwODp3YWVzdGVzdHBhc3M=]]>
    </line>
    <line>
      <![CDATA[Body -> {"password":"waestestpass","name":"New test user 108","dateOfBirth":"2019-10-06","id":5,"isAdmin":"","email":"newtestuser108@wearewaes.com","superpower":"Henki dama","username":"test-user-108"}]]>
    </line>
    <line>
      <![CDATA[RESPONSE: ]]>
    </line>
    <line>
      <![CDATA[Code -> 200]]>
    </line>
    <line>
      <![CDATA[Body -> {"id":5,"name":"New test user 108","username":"test-user-108","email":"newtestuser108@wearewaes.com","superpower":"Henki dama","dateOfBirth":"2019-10-06","isAdmin":null}]]>
    </line>
    <line>
      <![CDATA[step 2: Validate response code and message is the expected (if necessary).]]>
    </line>
    <line>
      <![CDATA[RUNNING TEST: *** updateUserRegressionCases_EmptyPassword ***]]>
    </line>
    <line>
      <![CDATA[step 1: Perform PUT user call with parametrized payload]]>
    </line>
    <line>
      <![CDATA[REQUEST: PUT User - /waesheroes/api/v1/users]]>
    </line>
    <line>
      <![CDATA[Header -> Content-Type: application/json]]>
    </line>
    <line>
      <![CDATA[Header -> Authorization: Basic dGVzdC11c2VyLTEwODp3YWVzdGVzdHBhc3M=]]>
    </line>
    <line>
      <![CDATA[Body -> {"password":"waestestpass","name":"New test user 108","dateOfBirth":"2019-10-06","id":5,"isAdmin":false,"email":"newtestuser108@wearewaes.com","superpower":"Henki dama","username":"test-user-108"}]]>
    </line>
    <line>
      <![CDATA[RESPONSE: ]]>
    </line>
    <line>
      <![CDATA[Code -> 200]]>
    </line>
    <line>
      <![CDATA[Body -> {"id":5,"name":"New test user 108","username":"test-user-108","email":"newtestuser108@wearewaes.com","superpower":"Henki dama","dateOfBirth":"2019-10-06","isAdmin":false}]]>
    </line>
    <line>
      <![CDATA[step 2: Validate response code and message is the expected (if necessary).]]>
    </line>
    <line>
      <![CDATA[RUNNING TEST: *** updateUserRegressionCases_MissingName ***]]>
    </line>
    <line>
      <![CDATA[step 1: Perform PUT user call with parametrized payload]]>
    </line>
    <line>
      <![CDATA[REQUEST: PUT User - /waesheroes/api/v1/users]]>
    </line>
    <line>
      <![CDATA[Header -> Content-Type: application/json]]>
    </line>
    <line>
      <![CDATA[Header -> Authorization: Basic dGVzdC11c2VyLTEwODp3YWVzdGVzdHBhc3M=]]>
    </line>
    <line>
      <![CDATA[Body -> {"password":"waestestpass","dateOfBirth":"2019-10-06","id":5,"isAdmin":false,"email":"newtestuser108@wearewaes.com","superpower":"Henki dama","username":"test-user-108"}]]>
    </line>
    <line>
      <![CDATA[RESPONSE: ]]>
    </line>
    <line>
      <![CDATA[Code -> 200]]>
    </line>
    <line>
      <![CDATA[Body -> {"id":5,"name":null,"username":"test-user-108","email":"newtestuser108@wearewaes.com","superpower":"Henki dama","dateOfBirth":"2019-10-06","isAdmin":false}]]>
    </line>
    <line>
      <![CDATA[step 2: Validate response code and message is the expected (if necessary).]]>
    </line>
    <line>
      <![CDATA[RUNNING TEST: *** updateUserRegressionCases_MissingUsername ***]]>
    </line>
    <line>
      <![CDATA[step 1: Perform PUT user call with parametrized payload]]>
    </line>
    <line>
      <![CDATA[REQUEST: PUT User - /waesheroes/api/v1/users]]>
    </line>
    <line>
      <![CDATA[Header -> Content-Type: application/json]]>
    </line>
    <line>
      <![CDATA[Header -> Authorization: Basic dGVzdC11c2VyLTEwODp3YWVzdGVzdHBhc3M=]]>
    </line>
    <line>
      <![CDATA[Body -> {"password":"waestestpass","name":"New test user 108","dateOfBirth":"2019-10-06","id":5,"isAdmin":false,"email":"newtestuser108@wearewaes.com","superpower":"Henki dama","username":"test-user-108"}]]>
    </line>
    <line>
      <![CDATA[RESPONSE: ]]>
    </line>
    <line>
      <![CDATA[Code -> 200]]>
    </line>
    <line>
      <![CDATA[Body -> {"id":5,"name":"New test user 108","username":"test-user-108","email":"newtestuser108@wearewaes.com","superpower":"Henki dama","dateOfBirth":"2019-10-06","isAdmin":false}]]>
    </line>
    <line>
      <![CDATA[step 2: Validate response code and message is the expected (if necessary).]]>
    </line>
    <line>
      <![CDATA[RUNNING TEST: *** updateUserRegressionCases_MissingEmail ***]]>
    </line>
    <line>
      <![CDATA[step 1: Perform PUT user call with parametrized payload]]>
    </line>
    <line>
      <![CDATA[REQUEST: PUT User - /waesheroes/api/v1/users]]>
    </line>
    <line>
      <![CDATA[Header -> Content-Type: application/json]]>
    </line>
    <line>
      <![CDATA[Header -> Authorization: Basic dGVzdC11c2VyLTEwODp3YWVzdGVzdHBhc3M=]]>
    </line>
    <line>
      <![CDATA[Body -> {"password":"waestestpass","name":"New test user 108","dateOfBirth":"2019-10-06","id":5,"isAdmin":false,"superpower":"Henki dama","username":"test-user-108"}]]>
    </line>
    <line>
      <![CDATA[RESPONSE: ]]>
    </line>
    <line>
      <![CDATA[Code -> 400]]>
    </line>
    <line>
      <![CDATA[Body -> {"timestamp":"2019-10-08T23:32:25.299+0000","status":400,"error":"Bad Request","message":"Could not commit JPA transaction; nested exception is javax.persistence.RollbackException: Error while committing the transaction","path":"uri=/waesheroes/api/v1/users"}]]>
    </line>
    <line>
      <![CDATA[step 2: Validate response code and message is the expected (if necessary).]]>
    </line>
    <line>
      <![CDATA[RUNNING TEST: *** updateUserRegressionCases_MissingSuperpower ***]]>
    </line>
    <line>
      <![CDATA[step 1: Perform PUT user call with parametrized payload]]>
    </line>
    <line>
      <![CDATA[REQUEST: PUT User - /waesheroes/api/v1/users]]>
    </line>
    <line>
      <![CDATA[Header -> Content-Type: application/json]]>
    </line>
    <line>
      <![CDATA[Header -> Authorization: Basic dGVzdC11c2VyLTEwODp3YWVzdGVzdHBhc3M=]]>
    </line>
    <line>
      <![CDATA[Body -> {"password":"waestestpass","name":"New test user 108","dateOfBirth":"2019-10-06","id":5,"isAdmin":false,"email":"newtestuser108@wearewaes.com","username":"test-user-108"}]]>
    </line>
    <line>
      <![CDATA[RESPONSE: ]]>
    </line>
    <line>
      <![CDATA[Code -> 200]]>
    </line>
    <line>
      <![CDATA[Body -> {"id":5,"name":"New test user 108","username":"test-user-108","email":"newtestuser108@wearewaes.com","superpower":null,"dateOfBirth":"2019-10-06","isAdmin":false}]]>
    </line>
    <line>
      <![CDATA[step 2: Validate response code and message is the expected (if necessary).]]>
    </line>
    <line>
      <![CDATA[RUNNING TEST: *** updateUserRegressionCases_MissingDateOfBirth ***]]>
    </line>
    <line>
      <![CDATA[step 1: Perform PUT user call with parametrized payload]]>
    </line>
    <line>
      <![CDATA[REQUEST: PUT User - /waesheroes/api/v1/users]]>
    </line>
    <line>
      <![CDATA[Header -> Content-Type: application/json]]>
    </line>
    <line>
      <![CDATA[Header -> Authorization: Basic dGVzdC11c2VyLTEwODp3YWVzdGVzdHBhc3M=]]>
    </line>
    <line>
      <![CDATA[Body -> {"password":"waestestpass","name":"New test user 108","id":5,"isAdmin":false,"email":"newtestuser108@wearewaes.com","superpower":"Henki dama","username":"test-user-108"}]]>
    </line>
    <line>
      <![CDATA[RESPONSE: ]]>
    </line>
    <line>
      <![CDATA[Code -> 200]]>
    </line>
    <line>
      <![CDATA[Body -> {"id":5,"name":"New test user 108","username":"test-user-108","email":"newtestuser108@wearewaes.com","superpower":"Henki dama","dateOfBirth":null,"isAdmin":false}]]>
    </line>
    <line>
      <![CDATA[step 2: Validate response code and message is the expected (if necessary).]]>
    </line>
    <line>
      <![CDATA[RUNNING TEST: *** updateUserRegressionCases_MissingIsAdmin ***]]>
    </line>
    <line>
      <![CDATA[step 1: Perform PUT user call with parametrized payload]]>
    </line>
    <line>
      <![CDATA[REQUEST: PUT User - /waesheroes/api/v1/users]]>
    </line>
    <line>
      <![CDATA[Header -> Content-Type: application/json]]>
    </line>
    <line>
      <![CDATA[Header -> Authorization: Basic dGVzdC11c2VyLTEwODp3YWVzdGVzdHBhc3M=]]>
    </line>
    <line>
      <![CDATA[Body -> {"password":"waestestpass","name":"New test user 108","dateOfBirth":"2019-10-06","id":5,"email":"newtestuser108@wearewaes.com","superpower":"Henki dama","username":"test-user-108"}]]>
    </line>
    <line>
      <![CDATA[RESPONSE: ]]>
    </line>
    <line>
      <![CDATA[Code -> 200]]>
    </line>
    <line>
      <![CDATA[Body -> {"id":5,"name":"New test user 108","username":"test-user-108","email":"newtestuser108@wearewaes.com","superpower":"Henki dama","dateOfBirth":"2019-10-06","isAdmin":null}]]>
    </line>
    <line>
      <![CDATA[step 2: Validate response code and message is the expected (if necessary).]]>
    </line>
    <line>
      <![CDATA[RUNNING TEST: *** updateUserRegressionCases_MissingPassword ***]]>
    </line>
    <line>
      <![CDATA[step 1: Perform PUT user call with parametrized payload]]>
    </line>
    <line>
      <![CDATA[REQUEST: PUT User - /waesheroes/api/v1/users]]>
    </line>
    <line>
      <![CDATA[Header -> Content-Type: application/json]]>
    </line>
    <line>
      <![CDATA[Header -> Authorization: Basic dGVzdC11c2VyLTEwODp3YWVzdGVzdHBhc3M=]]>
    </line>
    <line>
      <![CDATA[Body -> {"password":"waestestpass","name":"New test user 108","dateOfBirth":"2019-10-06","id":5,"isAdmin":false,"email":"newtestuser108@wearewaes.com","superpower":"Henki dama","username":"test-user-108"}]]>
    </line>
    <line>
      <![CDATA[RESPONSE: ]]>
    </line>
    <line>
      <![CDATA[Code -> 200]]>
    </line>
    <line>
      <![CDATA[Body -> {"id":5,"name":"New test user 108","username":"test-user-108","email":"newtestuser108@wearewaes.com","superpower":"Henki dama","dateOfBirth":"2019-10-06","isAdmin":false}]]>
    </line>
    <line>
      <![CDATA[step 2: Validate response code and message is the expected (if necessary).]]>
    </line>
    <line>
      <![CDATA[RUNNING TEST: *** updateUserRegressionCases_MissingNameAndUsername ***]]>
    </line>
    <line>
      <![CDATA[step 1: Perform PUT user call with parametrized payload]]>
    </line>
    <line>
      <![CDATA[REQUEST: PUT User - /waesheroes/api/v1/users]]>
    </line>
    <line>
      <![CDATA[Header -> Content-Type: application/json]]>
    </line>
    <line>
      <![CDATA[Header -> Authorization: Basic dGVzdC11c2VyLTEwODp3YWVzdGVzdHBhc3M=]]>
    </line>
    <line>
      <![CDATA[Body -> {"password":"waestestpass","dateOfBirth":"2019-10-06","id":5,"isAdmin":false,"email":"newtestuser108@wearewaes.com","superpower":"Henki dama","username":"test-user-108"}]]>
    </line>
    <line>
      <![CDATA[RESPONSE: ]]>
    </line>
    <line>
      <![CDATA[Code -> 200]]>
    </line>
    <line>
      <![CDATA[Body -> {"id":5,"name":null,"username":"test-user-108","email":"newtestuser108@wearewaes.com","superpower":"Henki dama","dateOfBirth":"2019-10-06","isAdmin":false}]]>
    </line>
    <line>
      <![CDATA[step 2: Validate response code and message is the expected (if necessary).]]>
    </line>
    <line>
      <![CDATA[RUNNING TEST: *** updateUserRegressionCases_MissingUsernameAndEmail ***]]>
    </line>
    <line>
      <![CDATA[step 1: Perform PUT user call with parametrized payload]]>
    </line>
    <line>
      <![CDATA[REQUEST: PUT User - /waesheroes/api/v1/users]]>
    </line>
    <line>
      <![CDATA[Header -> Content-Type: application/json]]>
    </line>
    <line>
      <![CDATA[Header -> Authorization: Basic dGVzdC11c2VyLTEwODp3YWVzdGVzdHBhc3M=]]>
    </line>
    <line>
      <![CDATA[Body -> {"password":"waestestpass","name":"New test user 108","dateOfBirth":"2019-10-06","id":5,"isAdmin":false,"superpower":"Henki dama","username":"test-user-108"}]]>
    </line>
    <line>
      <![CDATA[RESPONSE: ]]>
    </line>
    <line>
      <![CDATA[Code -> 400]]>
    </line>
    <line>
      <![CDATA[Body -> {"timestamp":"2019-10-08T23:32:32.392+0000","status":400,"error":"Bad Request","message":"Could not commit JPA transaction; nested exception is javax.persistence.RollbackException: Error while committing the transaction","path":"uri=/waesheroes/api/v1/users"}]]>
    </line>
    <line>
      <![CDATA[step 2: Validate response code and message is the expected (if necessary).]]>
    </line>
    <line>
      <![CDATA[RUNNING TEST: *** updateUserRegressionCases_MissingEmailAndSuperpower ***]]>
    </line>
    <line>
      <![CDATA[step 1: Perform PUT user call with parametrized payload]]>
    </line>
    <line>
      <![CDATA[REQUEST: PUT User - /waesheroes/api/v1/users]]>
    </line>
    <line>
      <![CDATA[Header -> Content-Type: application/json]]>
    </line>
    <line>
      <![CDATA[Header -> Authorization: Basic dGVzdC11c2VyLTEwODp3YWVzdGVzdHBhc3M=]]>
    </line>
    <line>
      <![CDATA[Body -> {"password":"waestestpass","name":"New test user 108","dateOfBirth":"2019-10-06","id":5,"isAdmin":false,"username":"test-user-108"}]]>
    </line>
    <line>
      <![CDATA[RESPONSE: ]]>
    </line>
    <line>
      <![CDATA[Code -> 400]]>
    </line>
    <line>
      <![CDATA[Body -> {"timestamp":"2019-10-08T23:32:33.563+0000","status":400,"error":"Bad Request","message":"Could not commit JPA transaction; nested exception is javax.persistence.RollbackException: Error while committing the transaction","path":"uri=/waesheroes/api/v1/users"}]]>
    </line>
    <line>
      <![CDATA[step 2: Validate response code and message is the expected (if necessary).]]>
    </line>
    <line>
      <![CDATA[RUNNING TEST: *** updateUserRegressionCases_MissingSuperpowerAndDoB ***]]>
    </line>
    <line>
      <![CDATA[step 1: Perform PUT user call with parametrized payload]]>
    </line>
    <line>
      <![CDATA[REQUEST: PUT User - /waesheroes/api/v1/users]]>
    </line>
    <line>
      <![CDATA[Header -> Content-Type: application/json]]>
    </line>
    <line>
      <![CDATA[Header -> Authorization: Basic dGVzdC11c2VyLTEwODp3YWVzdGVzdHBhc3M=]]>
    </line>
    <line>
      <![CDATA[Body -> {"password":"waestestpass","name":"New test user 108","id":5,"isAdmin":false,"email":"newtestuser108@wearewaes.com","username":"test-user-108"}]]>
    </line>
    <line>
      <![CDATA[RESPONSE: ]]>
    </line>
    <line>
      <![CDATA[Code -> 200]]>
    </line>
    <line>
      <![CDATA[Body -> {"id":5,"name":"New test user 108","username":"test-user-108","email":"newtestuser108@wearewaes.com","superpower":null,"dateOfBirth":null,"isAdmin":false}]]>
    </line>
    <line>
      <![CDATA[step 2: Validate response code and message is the expected (if necessary).]]>
    </line>
    <line>
      <![CDATA[RUNNING TEST: *** updateUserRegressionCases_MissingDoBAndAdmin ***]]>
    </line>
    <line>
      <![CDATA[step 1: Perform PUT user call with parametrized payload]]>
    </line>
    <line>
      <![CDATA[REQUEST: PUT User - /waesheroes/api/v1/users]]>
    </line>
    <line>
      <![CDATA[Header -> Content-Type: application/json]]>
    </line>
    <line>
      <![CDATA[Header -> Authorization: Basic dGVzdC11c2VyLTEwODp3YWVzdGVzdHBhc3M=]]>
    </line>
    <line>
      <![CDATA[Body -> {"password":"waestestpass","name":"New test user 108","id":5,"email":"newtestuser108@wearewaes.com","superpower":"Henki dama","username":"test-user-108"}]]>
    </line>
    <line>
      <![CDATA[RESPONSE: ]]>
    </line>
    <line>
      <![CDATA[Code -> 200]]>
    </line>
    <line>
      <![CDATA[Body -> {"id":5,"name":"New test user 108","username":"test-user-108","email":"newtestuser108@wearewaes.com","superpower":"Henki dama","dateOfBirth":null,"isAdmin":null}]]>
    </line>
    <line>
      <![CDATA[step 2: Validate response code and message is the expected (if necessary).]]>
    </line>
    <line>
      <![CDATA[RUNNING TEST: *** updateUserRegressionCases_MissingAdminAndPassword ***]]>
    </line>
    <line>
      <![CDATA[step 1: Perform PUT user call with parametrized payload]]>
    </line>
    <line>
      <![CDATA[REQUEST: PUT User - /waesheroes/api/v1/users]]>
    </line>
    <line>
      <![CDATA[Header -> Content-Type: application/json]]>
    </line>
    <line>
      <![CDATA[Header -> Authorization: Basic dGVzdC11c2VyLTEwODp3YWVzdGVzdHBhc3M=]]>
    </line>
    <line>
      <![CDATA[Body -> {"password":"waestestpass","name":"New test user 108","dateOfBirth":"2019-10-06","id":5,"email":"newtestuser108@wearewaes.com","superpower":"Henki dama","username":"test-user-108"}]]>
    </line>
    <line>
      <![CDATA[RESPONSE: ]]>
    </line>
    <line>
      <![CDATA[Code -> 200]]>
    </line>
    <line>
      <![CDATA[Body -> {"id":5,"name":"New test user 108","username":"test-user-108","email":"newtestuser108@wearewaes.com","superpower":"Henki dama","dateOfBirth":"2019-10-06","isAdmin":null}]]>
    </line>
    <line>
      <![CDATA[step 2: Validate response code and message is the expected (if necessary).]]>
    </line>
  </reporter-output>
  <suite started-at="2019-10-08T20:32:11 ART" name="Default Suite" finished-at="2019-10-08T20:32:38 ART" duration-ms="26416">
    <groups>
    </groups>
    <test started-at="2019-10-08T20:32:11 ART" name="waes-test" finished-at="2019-10-08T20:32:38 ART" duration-ms="26416">
      <class name="waesqa.UpdateUserTest">
        <test-method is-config="true" signature="before()[pri:0, instance:waesqa.UpdateUserTest@5669c5fb]" started-at="2019-10-08T20:32:11 ART" name="before" test-instance-name="updateUserRegressionCases_MissingAdminAndPassword" finished-at="2019-10-08T20:32:11 ART" duration-ms="80" status="PASS">
          <reporter-output>
          </reporter-output>
        </test-method> <!-- before -->
        <test-method is-config="true" signature="setProperties()[pri:0, instance:waesqa.UpdateUserTest@5669c5fb]" started-at="2019-10-08T20:32:11 ART" name="setProperties" test-instance-name="updateUserRegressionCases_MissingAdminAndPassword" finished-at="2019-10-08T20:32:11 ART" duration-ms="2" status="PASS">
          <reporter-output>
          </reporter-output>
        </test-method> <!-- setProperties -->
        <test-method is-config="true" signature="beforeClass()[pri:0, instance:waesqa.UpdateUserTest@5669c5fb]" started-at="2019-10-08T20:32:11 ART" name="beforeClass" test-instance-name="updateUserRegressionCases_MissingAdminAndPassword" finished-at="2019-10-08T20:32:12 ART" duration-ms="1104" status="PASS">
          <reporter-output>
            <line>
              <![CDATA[REQUEST: POST Sign up - /waesheroes/api/v1/users]]>
            </line>
            <line>
              <![CDATA[Header -> Content-Type: application/json]]>
            </line>
            <line>
              <![CDATA[Body -> {"password":"waestestpass","name":"New test user 108","dateOfBirth":"2019-10-06","id":0,"isAdmin":false,"email":"newtestuser108@wearewaes.com","superpower":"Henki dama","username":"test-user-108"}]]>
            </line>
            <line>
              <![CDATA[RESPONSE: ]]>
            </line>
            <line>
              <![CDATA[Code -> 201]]>
            </line>
            <line>
              <![CDATA[Body -> {"id":0,"name":"New test user 108","username":"test-user-108","email":"newtestuser108@wearewaes.com","superpower":"Henki dama","dateOfBirth":"2019-10-06","isAdmin":false}]]>
            </line>
            <line>
              <![CDATA[REQUEST: GET User - /waesheroes/api/v1/users/details]]>
            </line>
            <line>
              <![CDATA[Query params -> username: test-user-108]]>
            </line>
            <line>
              <![CDATA[RESPONSE: ]]>
            </line>
            <line>
              <![CDATA[Code -> 200]]>
            </line>
            <line>
              <![CDATA[Body -> {"id":5,"name":"New test user 108","username":"test-user-108","email":"newtestuser108@wearewaes.com","superpower":"Henki dama","dateOfBirth":"2019-10-06","isAdmin":false}]]>
            </line>
          </reporter-output>
        </test-method> <!-- beforeClass -->
        <test-method is-config="true" signature="BeforeMethod(java.lang.reflect.Method, [Ljava.lang.Object;, org.testng.ITestContext)[pri:0, instance:waesqa.UpdateUserTest@5669c5fb]" started-at="2019-10-08T20:32:13 ART" name="BeforeMethod" test-instance-name="updateUserRegressionCases_MissingAdminAndPassword" finished-at="2019-10-08T20:32:13 ART" duration-ms="4" status="PASS">
          <params>
            <param index="0">
              <value>
                <![CDATA[public void waesqa.UpdateUserTest.updateUserRegressionCases(java.lang.String,org.json.JSONObject,int) throws java.lang.InterruptedException]]>
              </value>
            </param>
            <param index="1">
              <value>
                <![CDATA[[Ljava.lang.Object;@23648d2d]]>
              </value>
            </param>
            <param index="2">
              <value>
                <![CDATA[org.testng.TestRunner@69feb4d9]]>
              </value>
            </param>
          </params>
          <reporter-output>
            <line>
              <![CDATA[RUNNING TEST: *** updateUserRegressionCases_WithId ***]]>
            </line>
          </reporter-output>
        </test-method> <!-- BeforeMethod -->
        <test-method signature="updateUserRegressionCases(java.lang.String, org.json.JSONObject, int)[pri:0, instance:waesqa.UpdateUserTest@5669c5fb]" started-at="2019-10-08T20:32:13 ART" name="updateUserRegressionCases" data-provider="updateUserData" test-instance-name="updateUserRegressionCases_MissingAdminAndPassword" finished-at="2019-10-08T20:32:14 ART" duration-ms="1200" status="PASS">
          <params>
            <param index="0">
              <value>
                <![CDATA[WithId]]>
              </value>
            </param>
            <param index="1">
              <value>
                <![CDATA[{"password":"waestestpass","name":"New test user 108","dateOfBirth":"2019-10-06","id":5,"isAdmin":false,"email":"newtestuser108@wearewaes.com","superpower":"Henki dama","username":"test-user-108"}]]>
              </value>
            </param>
            <param index="2">
              <value>
                <![CDATA[200]]>
              </value>
            </param>
          </params>
          <reporter-output>
            <line>
              <![CDATA[step 1: Perform PUT user call with parametrized payload]]>
            </line>
            <line>
              <![CDATA[REQUEST: PUT User - /waesheroes/api/v1/users]]>
            </line>
            <line>
              <![CDATA[Header -> Content-Type: application/json]]>
            </line>
            <line>
              <![CDATA[Header -> Authorization: Basic dGVzdC11c2VyLTEwODp3YWVzdGVzdHBhc3M=]]>
            </line>
            <line>
              <![CDATA[Body -> {"password":"waestestpass","name":"New test user 108","dateOfBirth":"2019-10-06","id":5,"isAdmin":false,"email":"newtestuser108@wearewaes.com","superpower":"Henki dama","username":"test-user-108"}]]>
            </line>
            <line>
              <![CDATA[RESPONSE: ]]>
            </line>
            <line>
              <![CDATA[Code -> 200]]>
            </line>
            <line>
              <![CDATA[Body -> {"id":5,"name":"New test user 108","username":"test-user-108","email":"newtestuser108@wearewaes.com","superpower":"Henki dama","dateOfBirth":"2019-10-06","isAdmin":false}]]>
            </line>
            <line>
              <![CDATA[step 2: Validate response code and message is the expected (if necessary).]]>
            </line>
          </reporter-output>
        </test-method> <!-- updateUserRegressionCases -->
        <test-method is-config="true" signature="endTest(org.testng.ITestResult)[pri:0, instance:waesqa.UpdateUserTest@5669c5fb]" started-at="2019-10-08T20:32:14 ART" name="endTest" test-instance-name="updateUserRegressionCases_MissingAdminAndPassword" finished-at="2019-10-08T20:32:14 ART" duration-ms="7" status="PASS">
          <params>
            <param index="0">
              <value>
                <![CDATA[[TestResult name=updateUserRegressionCases_WithId status=SUCCESS method=UpdateUserTest.updateUserRegressionCases(java.lang.String, org.json.JSONObject, int)[pri:0, instance:waesqa.UpdateUserTest@5669c5fb] output=step 1: Perform PUT user call with parametrized payload]]]>
              </value>
            </param>
          </params>
          <reporter-output>
          </reporter-output>
        </test-method> <!-- endTest -->
        <test-method is-config="true" signature="BeforeMethod(java.lang.reflect.Method, [Ljava.lang.Object;, org.testng.ITestContext)[pri:0, instance:waesqa.UpdateUserTest@5669c5fb]" started-at="2019-10-08T20:32:14 ART" name="BeforeMethod" test-instance-name="updateUserRegressionCases_MissingAdminAndPassword" finished-at="2019-10-08T20:32:14 ART" duration-ms="2" status="PASS">
          <params>
            <param index="0">
              <value>
                <![CDATA[public void waesqa.UpdateUserTest.updateUserRegressionCases(java.lang.String,org.json.JSONObject,int) throws java.lang.InterruptedException]]>
              </value>
            </param>
            <param index="1">
              <value>
                <![CDATA[[Ljava.lang.Object;@37c1cfa]]>
              </value>
            </param>
            <param index="2">
              <value>
                <![CDATA[org.testng.TestRunner@69feb4d9]]>
              </value>
            </param>
          </params>
          <reporter-output>
            <line>
              <![CDATA[RUNNING TEST: *** updateUserRegressionCases_EmptyName ***]]>
            </line>
          </reporter-output>
        </test-method> <!-- BeforeMethod -->
        <test-method signature="updateUserRegressionCases(java.lang.String, org.json.JSONObject, int)[pri:0, instance:waesqa.UpdateUserTest@5669c5fb]" started-at="2019-10-08T20:32:14 ART" name="updateUserRegressionCases" data-provider="updateUserData" test-instance-name="updateUserRegressionCases_MissingAdminAndPassword" finished-at="2019-10-08T20:32:15 ART" duration-ms="1186" status="PASS">
          <params>
            <param index="0">
              <value>
                <![CDATA[EmptyName]]>
              </value>
            </param>
            <param index="1">
              <value>
                <![CDATA[{"password":"waestestpass","name":"","dateOfBirth":"2019-10-06","id":5,"isAdmin":false,"email":"newtestuser108@wearewaes.com","superpower":"Henki dama","username":"test-user-108"}]]>
              </value>
            </param>
            <param index="2">
              <value>
                <![CDATA[200]]>
              </value>
            </param>
          </params>
          <reporter-output>
            <line>
              <![CDATA[step 1: Perform PUT user call with parametrized payload]]>
            </line>
            <line>
              <![CDATA[REQUEST: PUT User - /waesheroes/api/v1/users]]>
            </line>
            <line>
              <![CDATA[Header -> Content-Type: application/json]]>
            </line>
            <line>
              <![CDATA[Header -> Authorization: Basic dGVzdC11c2VyLTEwODp3YWVzdGVzdHBhc3M=]]>
            </line>
            <line>
              <![CDATA[Body -> {"password":"waestestpass","name":"","dateOfBirth":"2019-10-06","id":5,"isAdmin":false,"email":"newtestuser108@wearewaes.com","superpower":"Henki dama","username":"test-user-108"}]]>
            </line>
            <line>
              <![CDATA[RESPONSE: ]]>
            </line>
            <line>
              <![CDATA[Code -> 200]]>
            </line>
            <line>
              <![CDATA[Body -> {"id":5,"name":"","username":"test-user-108","email":"newtestuser108@wearewaes.com","superpower":"Henki dama","dateOfBirth":"2019-10-06","isAdmin":false}]]>
            </line>
            <line>
              <![CDATA[step 2: Validate response code and message is the expected (if necessary).]]>
            </line>
          </reporter-output>
        </test-method> <!-- updateUserRegressionCases -->
        <test-method is-config="true" signature="endTest(org.testng.ITestResult)[pri:0, instance:waesqa.UpdateUserTest@5669c5fb]" started-at="2019-10-08T20:32:15 ART" name="endTest" test-instance-name="updateUserRegressionCases_MissingAdminAndPassword" finished-at="2019-10-08T20:32:15 ART" duration-ms="0" status="PASS">
          <params>
            <param index="0">
              <value>
                <![CDATA[[TestResult name=updateUserRegressionCases_EmptyName status=SUCCESS method=UpdateUserTest.updateUserRegressionCases(java.lang.String, org.json.JSONObject, int)[pri:0, instance:waesqa.UpdateUserTest@5669c5fb] output=step 1: Perform PUT user call with parametrized payload]]]>
              </value>
            </param>
          </params>
          <reporter-output>
          </reporter-output>
        </test-method> <!-- endTest -->
        <test-method is-config="true" signature="BeforeMethod(java.lang.reflect.Method, [Ljava.lang.Object;, org.testng.ITestContext)[pri:0, instance:waesqa.UpdateUserTest@5669c5fb]" started-at="2019-10-08T20:32:15 ART" name="BeforeMethod" test-instance-name="updateUserRegressionCases_MissingAdminAndPassword" finished-at="2019-10-08T20:32:15 ART" duration-ms="1" status="PASS">
          <params>
            <param index="0">
              <value>
                <![CDATA[public void waesqa.UpdateUserTest.updateUserRegressionCases(java.lang.String,org.json.JSONObject,int) throws java.lang.InterruptedException]]>
              </value>
            </param>
            <param index="1">
              <value>
                <![CDATA[[Ljava.lang.Object;@2bcda694]]>
              </value>
            </param>
            <param index="2">
              <value>
                <![CDATA[org.testng.TestRunner@69feb4d9]]>
              </value>
            </param>
          </params>
          <reporter-output>
            <line>
              <![CDATA[RUNNING TEST: *** updateUserRegressionCases_EmptyUsername ***]]>
            </line>
          </reporter-output>
        </test-method> <!-- BeforeMethod -->
        <test-method signature="updateUserRegressionCases(java.lang.String, org.json.JSONObject, int)[pri:0, instance:waesqa.UpdateUserTest@5669c5fb]" started-at="2019-10-08T20:32:15 ART" name="updateUserRegressionCases" data-provider="updateUserData" test-instance-name="updateUserRegressionCases_MissingAdminAndPassword" finished-at="2019-10-08T20:32:16 ART" duration-ms="1185" status="PASS">
          <params>
            <param index="0">
              <value>
                <![CDATA[EmptyUsername]]>
              </value>
            </param>
            <param index="1">
              <value>
                <![CDATA[{"password":"waestestpass","name":"New test user 108","dateOfBirth":"2019-10-06","id":5,"isAdmin":false,"email":"newtestuser108@wearewaes.com","superpower":"Henki dama","username":"test-user-108"}]]>
              </value>
            </param>
            <param index="2">
              <value>
                <![CDATA[200]]>
              </value>
            </param>
          </params>
          <reporter-output>
            <line>
              <![CDATA[step 1: Perform PUT user call with parametrized payload]]>
            </line>
            <line>
              <![CDATA[REQUEST: PUT User - /waesheroes/api/v1/users]]>
            </line>
            <line>
              <![CDATA[Header -> Content-Type: application/json]]>
            </line>
            <line>
              <![CDATA[Header -> Authorization: Basic dGVzdC11c2VyLTEwODp3YWVzdGVzdHBhc3M=]]>
            </line>
            <line>
              <![CDATA[Body -> {"password":"waestestpass","name":"New test user 108","dateOfBirth":"2019-10-06","id":5,"isAdmin":false,"email":"newtestuser108@wearewaes.com","superpower":"Henki dama","username":"test-user-108"}]]>
            </line>
            <line>
              <![CDATA[RESPONSE: ]]>
            </line>
            <line>
              <![CDATA[Code -> 200]]>
            </line>
            <line>
              <![CDATA[Body -> {"id":5,"name":"New test user 108","username":"test-user-108","email":"newtestuser108@wearewaes.com","superpower":"Henki dama","dateOfBirth":"2019-10-06","isAdmin":false}]]>
            </line>
            <line>
              <![CDATA[step 2: Validate response code and message is the expected (if necessary).]]>
            </line>
          </reporter-output>
        </test-method> <!-- updateUserRegressionCases -->
        <test-method is-config="true" signature="endTest(org.testng.ITestResult)[pri:0, instance:waesqa.UpdateUserTest@5669c5fb]" started-at="2019-10-08T20:32:16 ART" name="endTest" test-instance-name="updateUserRegressionCases_MissingAdminAndPassword" finished-at="2019-10-08T20:32:16 ART" duration-ms="2" status="PASS">
          <params>
            <param index="0">
              <value>
                <![CDATA[[TestResult name=updateUserRegressionCases_EmptyUsername status=SUCCESS method=UpdateUserTest.updateUserRegressionCases(java.lang.String, org.json.JSONObject, int)[pri:0, instance:waesqa.UpdateUserTest@5669c5fb] output=step 1: Perform PUT user call with parametrized payload]]]>
              </value>
            </param>
          </params>
          <reporter-output>
          </reporter-output>
        </test-method> <!-- endTest -->
        <test-method is-config="true" signature="BeforeMethod(java.lang.reflect.Method, [Ljava.lang.Object;, org.testng.ITestContext)[pri:0, instance:waesqa.UpdateUserTest@5669c5fb]" started-at="2019-10-08T20:32:16 ART" name="BeforeMethod" test-instance-name="updateUserRegressionCases_MissingAdminAndPassword" finished-at="2019-10-08T20:32:16 ART" duration-ms="2" status="PASS">
          <params>
            <param index="0">
              <value>
                <![CDATA[public void waesqa.UpdateUserTest.updateUserRegressionCases(java.lang.String,org.json.JSONObject,int) throws java.lang.InterruptedException]]>
              </value>
            </param>
            <param index="1">
              <value>
                <![CDATA[[Ljava.lang.Object;@2cc75b25]]>
              </value>
            </param>
            <param index="2">
              <value>
                <![CDATA[org.testng.TestRunner@69feb4d9]]>
              </value>
            </param>
          </params>
          <reporter-output>
            <line>
              <![CDATA[RUNNING TEST: *** updateUserRegressionCases_EmptyEmail ***]]>
            </line>
          </reporter-output>
        </test-method> <!-- BeforeMethod -->
        <test-method signature="updateUserRegressionCases(java.lang.String, org.json.JSONObject, int)[pri:0, instance:waesqa.UpdateUserTest@5669c5fb]" started-at="2019-10-08T20:32:16 ART" name="updateUserRegressionCases" data-provider="updateUserData" test-instance-name="updateUserRegressionCases_MissingAdminAndPassword" finished-at="2019-10-08T20:32:18 ART" duration-ms="1176" status="PASS">
          <params>
            <param index="0">
              <value>
                <![CDATA[EmptyEmail]]>
              </value>
            </param>
            <param index="1">
              <value>
                <![CDATA[{"password":"waestestpass","name":"New test user 108","dateOfBirth":"2019-10-06","id":5,"isAdmin":false,"email":"","superpower":"Henki dama","username":"test-user-108"}]]>
              </value>
            </param>
            <param index="2">
              <value>
                <![CDATA[200]]>
              </value>
            </param>
          </params>
          <reporter-output>
            <line>
              <![CDATA[step 1: Perform PUT user call with parametrized payload]]>
            </line>
            <line>
              <![CDATA[REQUEST: PUT User - /waesheroes/api/v1/users]]>
            </line>
            <line>
              <![CDATA[Header -> Content-Type: application/json]]>
            </line>
            <line>
              <![CDATA[Header -> Authorization: Basic dGVzdC11c2VyLTEwODp3YWVzdGVzdHBhc3M=]]>
            </line>
            <line>
              <![CDATA[Body -> {"password":"waestestpass","name":"New test user 108","dateOfBirth":"2019-10-06","id":5,"isAdmin":false,"email":"","superpower":"Henki dama","username":"test-user-108"}]]>
            </line>
            <line>
              <![CDATA[RESPONSE: ]]>
            </line>
            <line>
              <![CDATA[Code -> 200]]>
            </line>
            <line>
              <![CDATA[Body -> {"id":5,"name":"New test user 108","username":"test-user-108","email":"","superpower":"Henki dama","dateOfBirth":"2019-10-06","isAdmin":false}]]>
            </line>
            <line>
              <![CDATA[step 2: Validate response code and message is the expected (if necessary).]]>
            </line>
          </reporter-output>
        </test-method> <!-- updateUserRegressionCases -->
        <test-method is-config="true" signature="endTest(org.testng.ITestResult)[pri:0, instance:waesqa.UpdateUserTest@5669c5fb]" started-at="2019-10-08T20:32:18 ART" name="endTest" test-instance-name="updateUserRegressionCases_MissingAdminAndPassword" finished-at="2019-10-08T20:32:18 ART" duration-ms="2" status="PASS">
          <params>
            <param index="0">
              <value>
                <![CDATA[[TestResult name=updateUserRegressionCases_EmptyEmail status=SUCCESS method=UpdateUserTest.updateUserRegressionCases(java.lang.String, org.json.JSONObject, int)[pri:0, instance:waesqa.UpdateUserTest@5669c5fb] output=step 1: Perform PUT user call with parametrized payload]]]>
              </value>
            </param>
          </params>
          <reporter-output>
          </reporter-output>
        </test-method> <!-- endTest -->
        <test-method is-config="true" signature="BeforeMethod(java.lang.reflect.Method, [Ljava.lang.Object;, org.testng.ITestContext)[pri:0, instance:waesqa.UpdateUserTest@5669c5fb]" started-at="2019-10-08T20:32:18 ART" name="BeforeMethod" test-instance-name="updateUserRegressionCases_MissingAdminAndPassword" finished-at="2019-10-08T20:32:18 ART" duration-ms="2" status="PASS">
          <params>
            <param index="0">
              <value>
                <![CDATA[public void waesqa.UpdateUserTest.updateUserRegressionCases(java.lang.String,org.json.JSONObject,int) throws java.lang.InterruptedException]]>
              </value>
            </param>
            <param index="1">
              <value>
                <![CDATA[[Ljava.lang.Object;@30036a18]]>
              </value>
            </param>
            <param index="2">
              <value>
                <![CDATA[org.testng.TestRunner@69feb4d9]]>
              </value>
            </param>
          </params>
          <reporter-output>
            <line>
              <![CDATA[RUNNING TEST: *** updateUserRegressionCases_EmptySuperpower ***]]>
            </line>
          </reporter-output>
        </test-method> <!-- BeforeMethod -->
        <test-method signature="updateUserRegressionCases(java.lang.String, org.json.JSONObject, int)[pri:0, instance:waesqa.UpdateUserTest@5669c5fb]" started-at="2019-10-08T20:32:18 ART" name="updateUserRegressionCases" data-provider="updateUserData" test-instance-name="updateUserRegressionCases_MissingAdminAndPassword" finished-at="2019-10-08T20:32:19 ART" duration-ms="1190" status="PASS">
          <params>
            <param index="0">
              <value>
                <![CDATA[EmptySuperpower]]>
              </value>
            </param>
            <param index="1">
              <value>
                <![CDATA[{"password":"waestestpass","name":"New test user 108","dateOfBirth":"2019-10-06","id":5,"isAdmin":false,"email":"newtestuser108@wearewaes.com","superpower":"","username":"test-user-108"}]]>
              </value>
            </param>
            <param index="2">
              <value>
                <![CDATA[200]]>
              </value>
            </param>
          </params>
          <reporter-output>
            <line>
              <![CDATA[step 1: Perform PUT user call with parametrized payload]]>
            </line>
            <line>
              <![CDATA[REQUEST: PUT User - /waesheroes/api/v1/users]]>
            </line>
            <line>
              <![CDATA[Header -> Content-Type: application/json]]>
            </line>
            <line>
              <![CDATA[Header -> Authorization: Basic dGVzdC11c2VyLTEwODp3YWVzdGVzdHBhc3M=]]>
            </line>
            <line>
              <![CDATA[Body -> {"password":"waestestpass","name":"New test user 108","dateOfBirth":"2019-10-06","id":5,"isAdmin":false,"email":"newtestuser108@wearewaes.com","superpower":"","username":"test-user-108"}]]>
            </line>
            <line>
              <![CDATA[RESPONSE: ]]>
            </line>
            <line>
              <![CDATA[Code -> 200]]>
            </line>
            <line>
              <![CDATA[Body -> {"id":5,"name":"New test user 108","username":"test-user-108","email":"newtestuser108@wearewaes.com","superpower":"","dateOfBirth":"2019-10-06","isAdmin":false}]]>
            </line>
            <line>
              <![CDATA[step 2: Validate response code and message is the expected (if necessary).]]>
            </line>
          </reporter-output>
        </test-method> <!-- updateUserRegressionCases -->
        <test-method is-config="true" signature="endTest(org.testng.ITestResult)[pri:0, instance:waesqa.UpdateUserTest@5669c5fb]" started-at="2019-10-08T20:32:19 ART" name="endTest" test-instance-name="updateUserRegressionCases_MissingAdminAndPassword" finished-at="2019-10-08T20:32:19 ART" duration-ms="1" status="PASS">
          <params>
            <param index="0">
              <value>
                <![CDATA[[TestResult name=updateUserRegressionCases_EmptySuperpower status=SUCCESS method=UpdateUserTest.updateUserRegressionCases(java.lang.String, org.json.JSONObject, int)[pri:0, instance:waesqa.UpdateUserTest@5669c5fb] output=step 1: Perform PUT user call with parametrized payload]]]>
              </value>
            </param>
          </params>
          <reporter-output>
          </reporter-output>
        </test-method> <!-- endTest -->
        <test-method is-config="true" signature="BeforeMethod(java.lang.reflect.Method, [Ljava.lang.Object;, org.testng.ITestContext)[pri:0, instance:waesqa.UpdateUserTest@5669c5fb]" started-at="2019-10-08T20:32:19 ART" name="BeforeMethod" test-instance-name="updateUserRegressionCases_MissingAdminAndPassword" finished-at="2019-10-08T20:32:19 ART" duration-ms="2" status="PASS">
          <params>
            <param index="0">
              <value>
                <![CDATA[public void waesqa.UpdateUserTest.updateUserRegressionCases(java.lang.String,org.json.JSONObject,int) throws java.lang.InterruptedException]]>
              </value>
            </param>
            <param index="1">
              <value>
                <![CDATA[[Ljava.lang.Object;@537b3b2e]]>
              </value>
            </param>
            <param index="2">
              <value>
                <![CDATA[org.testng.TestRunner@69feb4d9]]>
              </value>
            </param>
          </params>
          <reporter-output>
            <line>
              <![CDATA[RUNNING TEST: *** updateUserRegressionCases_EmptyDateOfBirth ***]]>
            </line>
          </reporter-output>
        </test-method> <!-- BeforeMethod -->
        <test-method signature="updateUserRegressionCases(java.lang.String, org.json.JSONObject, int)[pri:0, instance:waesqa.UpdateUserTest@5669c5fb]" started-at="2019-10-08T20:32:19 ART" name="updateUserRegressionCases" data-provider="updateUserData" test-instance-name="updateUserRegressionCases_MissingAdminAndPassword" finished-at="2019-10-08T20:32:20 ART" duration-ms="1190" status="PASS">
          <params>
            <param index="0">
              <value>
                <![CDATA[EmptyDateOfBirth]]>
              </value>
            </param>
            <param index="1">
              <value>
                <![CDATA[{"password":"waestestpass","name":"New test user 108","dateOfBirth":"","id":5,"isAdmin":false,"email":"newtestuser108@wearewaes.com","superpower":"Henki dama","username":"test-user-108"}]]>
              </value>
            </param>
            <param index="2">
              <value>
                <![CDATA[200]]>
              </value>
            </param>
          </params>
          <reporter-output>
            <line>
              <![CDATA[step 1: Perform PUT user call with parametrized payload]]>
            </line>
            <line>
              <![CDATA[REQUEST: PUT User - /waesheroes/api/v1/users]]>
            </line>
            <line>
              <![CDATA[Header -> Content-Type: application/json]]>
            </line>
            <line>
              <![CDATA[Header -> Authorization: Basic dGVzdC11c2VyLTEwODp3YWVzdGVzdHBhc3M=]]>
            </line>
            <line>
              <![CDATA[Body -> {"password":"waestestpass","name":"New test user 108","dateOfBirth":"","id":5,"isAdmin":false,"email":"newtestuser108@wearewaes.com","superpower":"Henki dama","username":"test-user-108"}]]>
            </line>
            <line>
              <![CDATA[RESPONSE: ]]>
            </line>
            <line>
              <![CDATA[Code -> 200]]>
            </line>
            <line>
              <![CDATA[Body -> {"id":5,"name":"New test user 108","username":"test-user-108","email":"newtestuser108@wearewaes.com","superpower":"Henki dama","dateOfBirth":null,"isAdmin":false}]]>
            </line>
            <line>
              <![CDATA[step 2: Validate response code and message is the expected (if necessary).]]>
            </line>
          </reporter-output>
        </test-method> <!-- updateUserRegressionCases -->
        <test-method is-config="true" signature="endTest(org.testng.ITestResult)[pri:0, instance:waesqa.UpdateUserTest@5669c5fb]" started-at="2019-10-08T20:32:20 ART" name="endTest" test-instance-name="updateUserRegressionCases_MissingAdminAndPassword" finished-at="2019-10-08T20:32:20 ART" duration-ms="1" status="PASS">
          <params>
            <param index="0">
              <value>
                <![CDATA[[TestResult name=updateUserRegressionCases_EmptyDateOfBirth status=SUCCESS method=UpdateUserTest.updateUserRegressionCases(java.lang.String, org.json.JSONObject, int)[pri:0, instance:waesqa.UpdateUserTest@5669c5fb] output=step 1: Perform PUT user call with parametrized payload]]]>
              </value>
            </param>
          </params>
          <reporter-output>
          </reporter-output>
        </test-method> <!-- endTest -->
        <test-method is-config="true" signature="BeforeMethod(java.lang.reflect.Method, [Ljava.lang.Object;, org.testng.ITestContext)[pri:0, instance:waesqa.UpdateUserTest@5669c5fb]" started-at="2019-10-08T20:32:20 ART" name="BeforeMethod" test-instance-name="updateUserRegressionCases_MissingAdminAndPassword" finished-at="2019-10-08T20:32:20 ART" duration-ms="0" status="PASS">
          <params>
            <param index="0">
              <value>
                <![CDATA[public void waesqa.UpdateUserTest.updateUserRegressionCases(java.lang.String,org.json.JSONObject,int) throws java.lang.InterruptedException]]>
              </value>
            </param>
            <param index="1">
              <value>
                <![CDATA[[Ljava.lang.Object;@1544ded3]]>
              </value>
            </param>
            <param index="2">
              <value>
                <![CDATA[org.testng.TestRunner@69feb4d9]]>
              </value>
            </param>
          </params>
          <reporter-output>
            <line>
              <![CDATA[RUNNING TEST: *** updateUserRegressionCases_EmptyIsAdmin ***]]>
            </line>
          </reporter-output>
        </test-method> <!-- BeforeMethod -->
        <test-method signature="updateUserRegressionCases(java.lang.String, org.json.JSONObject, int)[pri:0, instance:waesqa.UpdateUserTest@5669c5fb]" started-at="2019-10-08T20:32:20 ART" name="updateUserRegressionCases" data-provider="updateUserData" test-instance-name="updateUserRegressionCases_MissingAdminAndPassword" finished-at="2019-10-08T20:32:21 ART" duration-ms="1172" status="PASS">
          <params>
            <param index="0">
              <value>
                <![CDATA[EmptyIsAdmin]]>
              </value>
            </param>
            <param index="1">
              <value>
                <![CDATA[{"password":"waestestpass","name":"New test user 108","dateOfBirth":"2019-10-06","id":5,"isAdmin":"","email":"newtestuser108@wearewaes.com","superpower":"Henki dama","username":"test-user-108"}]]>
              </value>
            </param>
            <param index="2">
              <value>
                <![CDATA[200]]>
              </value>
            </param>
          </params>
          <reporter-output>
            <line>
              <![CDATA[step 1: Perform PUT user call with parametrized payload]]>
            </line>
            <line>
              <![CDATA[REQUEST: PUT User - /waesheroes/api/v1/users]]>
            </line>
            <line>
              <![CDATA[Header -> Content-Type: application/json]]>
            </line>
            <line>
              <![CDATA[Header -> Authorization: Basic dGVzdC11c2VyLTEwODp3YWVzdGVzdHBhc3M=]]>
            </line>
            <line>
              <![CDATA[Body -> {"password":"waestestpass","name":"New test user 108","dateOfBirth":"2019-10-06","id":5,"isAdmin":"","email":"newtestuser108@wearewaes.com","superpower":"Henki dama","username":"test-user-108"}]]>
            </line>
            <line>
              <![CDATA[RESPONSE: ]]>
            </line>
            <line>
              <![CDATA[Code -> 200]]>
            </line>
            <line>
              <![CDATA[Body -> {"id":5,"name":"New test user 108","username":"test-user-108","email":"newtestuser108@wearewaes.com","superpower":"Henki dama","dateOfBirth":"2019-10-06","isAdmin":null}]]>
            </line>
            <line>
              <![CDATA[step 2: Validate response code and message is the expected (if necessary).]]>
            </line>
          </reporter-output>
        </test-method> <!-- updateUserRegressionCases -->
        <test-method is-config="true" signature="endTest(org.testng.ITestResult)[pri:0, instance:waesqa.UpdateUserTest@5669c5fb]" started-at="2019-10-08T20:32:21 ART" name="endTest" test-instance-name="updateUserRegressionCases_MissingAdminAndPassword" finished-at="2019-10-08T20:32:21 ART" duration-ms="1" status="PASS">
          <params>
            <param index="0">
              <value>
                <![CDATA[[TestResult name=updateUserRegressionCases_EmptyIsAdmin status=SUCCESS method=UpdateUserTest.updateUserRegressionCases(java.lang.String, org.json.JSONObject, int)[pri:0, instance:waesqa.UpdateUserTest@5669c5fb] output=step 1: Perform PUT user call with parametrized payload]]]>
              </value>
            </param>
          </params>
          <reporter-output>
          </reporter-output>
        </test-method> <!-- endTest -->
        <test-method is-config="true" signature="BeforeMethod(java.lang.reflect.Method, [Ljava.lang.Object;, org.testng.ITestContext)[pri:0, instance:waesqa.UpdateUserTest@5669c5fb]" started-at="2019-10-08T20:32:21 ART" name="BeforeMethod" test-instance-name="updateUserRegressionCases_MissingAdminAndPassword" finished-at="2019-10-08T20:32:21 ART" duration-ms="2" status="PASS">
          <params>
            <param index="0">
              <value>
                <![CDATA[public void waesqa.UpdateUserTest.updateUserRegressionCases(java.lang.String,org.json.JSONObject,int) throws java.lang.InterruptedException]]>
              </value>
            </param>
            <param index="1">
              <value>
                <![CDATA[[Ljava.lang.Object;@3ccb12d]]>
              </value>
            </param>
            <param index="2">
              <value>
                <![CDATA[org.testng.TestRunner@69feb4d9]]>
              </value>
            </param>
          </params>
          <reporter-output>
            <line>
              <![CDATA[RUNNING TEST: *** updateUserRegressionCases_EmptyPassword ***]]>
            </line>
          </reporter-output>
        </test-method> <!-- BeforeMethod -->
        <test-method signature="updateUserRegressionCases(java.lang.String, org.json.JSONObject, int)[pri:0, instance:waesqa.UpdateUserTest@5669c5fb]" started-at="2019-10-08T20:32:21 ART" name="updateUserRegressionCases" data-provider="updateUserData" test-instance-name="updateUserRegressionCases_MissingAdminAndPassword" finished-at="2019-10-08T20:32:22 ART" duration-ms="1173" status="PASS">
          <params>
            <param index="0">
              <value>
                <![CDATA[EmptyPassword]]>
              </value>
            </param>
            <param index="1">
              <value>
                <![CDATA[{"password":"waestestpass","name":"New test user 108","dateOfBirth":"2019-10-06","id":5,"isAdmin":false,"email":"newtestuser108@wearewaes.com","superpower":"Henki dama","username":"test-user-108"}]]>
              </value>
            </param>
            <param index="2">
              <value>
                <![CDATA[200]]>
              </value>
            </param>
          </params>
          <reporter-output>
            <line>
              <![CDATA[step 1: Perform PUT user call with parametrized payload]]>
            </line>
            <line>
              <![CDATA[REQUEST: PUT User - /waesheroes/api/v1/users]]>
            </line>
            <line>
              <![CDATA[Header -> Content-Type: application/json]]>
            </line>
            <line>
              <![CDATA[Header -> Authorization: Basic dGVzdC11c2VyLTEwODp3YWVzdGVzdHBhc3M=]]>
            </line>
            <line>
              <![CDATA[Body -> {"password":"waestestpass","name":"New test user 108","dateOfBirth":"2019-10-06","id":5,"isAdmin":false,"email":"newtestuser108@wearewaes.com","superpower":"Henki dama","username":"test-user-108"}]]>
            </line>
            <line>
              <![CDATA[RESPONSE: ]]>
            </line>
            <line>
              <![CDATA[Code -> 200]]>
            </line>
            <line>
              <![CDATA[Body -> {"id":5,"name":"New test user 108","username":"test-user-108","email":"newtestuser108@wearewaes.com","superpower":"Henki dama","dateOfBirth":"2019-10-06","isAdmin":false}]]>
            </line>
            <line>
              <![CDATA[step 2: Validate response code and message is the expected (if necessary).]]>
            </line>
          </reporter-output>
        </test-method> <!-- updateUserRegressionCases -->
        <test-method is-config="true" signature="endTest(org.testng.ITestResult)[pri:0, instance:waesqa.UpdateUserTest@5669c5fb]" started-at="2019-10-08T20:32:22 ART" name="endTest" test-instance-name="updateUserRegressionCases_MissingAdminAndPassword" finished-at="2019-10-08T20:32:22 ART" duration-ms="2" status="PASS">
          <params>
            <param index="0">
              <value>
                <![CDATA[[TestResult name=updateUserRegressionCases_EmptyPassword status=SUCCESS method=UpdateUserTest.updateUserRegressionCases(java.lang.String, org.json.JSONObject, int)[pri:0, instance:waesqa.UpdateUserTest@5669c5fb] output=step 1: Perform PUT user call with parametrized payload]]]>
              </value>
            </param>
          </params>
          <reporter-output>
          </reporter-output>
        </test-method> <!-- endTest -->
        <test-method is-config="true" signature="BeforeMethod(java.lang.reflect.Method, [Ljava.lang.Object;, org.testng.ITestContext)[pri:0, instance:waesqa.UpdateUserTest@5669c5fb]" started-at="2019-10-08T20:32:22 ART" name="BeforeMethod" test-instance-name="updateUserRegressionCases_MissingAdminAndPassword" finished-at="2019-10-08T20:32:22 ART" duration-ms="2" status="PASS">
          <params>
            <param index="0">
              <value>
                <![CDATA[public void waesqa.UpdateUserTest.updateUserRegressionCases(java.lang.String,org.json.JSONObject,int) throws java.lang.InterruptedException]]>
              </value>
            </param>
            <param index="1">
              <value>
                <![CDATA[[Ljava.lang.Object;@28b458e6]]>
              </value>
            </param>
            <param index="2">
              <value>
                <![CDATA[org.testng.TestRunner@69feb4d9]]>
              </value>
            </param>
          </params>
          <reporter-output>
            <line>
              <![CDATA[RUNNING TEST: *** updateUserRegressionCases_MissingName ***]]>
            </line>
          </reporter-output>
        </test-method> <!-- BeforeMethod -->
        <test-method signature="updateUserRegressionCases(java.lang.String, org.json.JSONObject, int)[pri:0, instance:waesqa.UpdateUserTest@5669c5fb]" started-at="2019-10-08T20:32:22 ART" name="updateUserRegressionCases" data-provider="updateUserData" test-instance-name="updateUserRegressionCases_MissingAdminAndPassword" finished-at="2019-10-08T20:32:23 ART" duration-ms="1170" status="PASS">
          <params>
            <param index="0">
              <value>
                <![CDATA[MissingName]]>
              </value>
            </param>
            <param index="1">
              <value>
                <![CDATA[{"password":"waestestpass","dateOfBirth":"2019-10-06","id":5,"isAdmin":false,"email":"newtestuser108@wearewaes.com","superpower":"Henki dama","username":"test-user-108"}]]>
              </value>
            </param>
            <param index="2">
              <value>
                <![CDATA[200]]>
              </value>
            </param>
          </params>
          <reporter-output>
            <line>
              <![CDATA[step 1: Perform PUT user call with parametrized payload]]>
            </line>
            <line>
              <![CDATA[REQUEST: PUT User - /waesheroes/api/v1/users]]>
            </line>
            <line>
              <![CDATA[Header -> Content-Type: application/json]]>
            </line>
            <line>
              <![CDATA[Header -> Authorization: Basic dGVzdC11c2VyLTEwODp3YWVzdGVzdHBhc3M=]]>
            </line>
            <line>
              <![CDATA[Body -> {"password":"waestestpass","dateOfBirth":"2019-10-06","id":5,"isAdmin":false,"email":"newtestuser108@wearewaes.com","superpower":"Henki dama","username":"test-user-108"}]]>
            </line>
            <line>
              <![CDATA[RESPONSE: ]]>
            </line>
            <line>
              <![CDATA[Code -> 200]]>
            </line>
            <line>
              <![CDATA[Body -> {"id":5,"name":null,"username":"test-user-108","email":"newtestuser108@wearewaes.com","superpower":"Henki dama","dateOfBirth":"2019-10-06","isAdmin":false}]]>
            </line>
            <line>
              <![CDATA[step 2: Validate response code and message is the expected (if necessary).]]>
            </line>
          </reporter-output>
        </test-method> <!-- updateUserRegressionCases -->
        <test-method is-config="true" signature="endTest(org.testng.ITestResult)[pri:0, instance:waesqa.UpdateUserTest@5669c5fb]" started-at="2019-10-08T20:32:23 ART" name="endTest" test-instance-name="updateUserRegressionCases_MissingAdminAndPassword" finished-at="2019-10-08T20:32:23 ART" duration-ms="1" status="PASS">
          <params>
            <param index="0">
              <value>
                <![CDATA[[TestResult name=updateUserRegressionCases_MissingName status=SUCCESS method=UpdateUserTest.updateUserRegressionCases(java.lang.String, org.json.JSONObject, int)[pri:0, instance:waesqa.UpdateUserTest@5669c5fb] output=step 1: Perform PUT user call with parametrized payload]]]>
              </value>
            </param>
          </params>
          <reporter-output>
          </reporter-output>
        </test-method> <!-- endTest -->
        <test-method is-config="true" signature="BeforeMethod(java.lang.reflect.Method, [Ljava.lang.Object;, org.testng.ITestContext)[pri:0, instance:waesqa.UpdateUserTest@5669c5fb]" started-at="2019-10-08T20:32:23 ART" name="BeforeMethod" test-instance-name="updateUserRegressionCases_MissingAdminAndPassword" finished-at="2019-10-08T20:32:23 ART" duration-ms="0" status="PASS">
          <params>
            <param index="0">
              <value>
                <![CDATA[public void waesqa.UpdateUserTest.updateUserRegressionCases(java.lang.String,org.json.JSONObject,int) throws java.lang.InterruptedException]]>
              </value>
            </param>
            <param index="1">
              <value>
                <![CDATA[[Ljava.lang.Object;@221ca495]]>
              </value>
            </param>
            <param index="2">
              <value>
                <![CDATA[org.testng.TestRunner@69feb4d9]]>
              </value>
            </param>
          </params>
          <reporter-output>
            <line>
              <![CDATA[RUNNING TEST: *** updateUserRegressionCases_MissingUsername ***]]>
            </line>
          </reporter-output>
        </test-method> <!-- BeforeMethod -->
        <test-method signature="updateUserRegressionCases(java.lang.String, org.json.JSONObject, int)[pri:0, instance:waesqa.UpdateUserTest@5669c5fb]" started-at="2019-10-08T20:32:23 ART" name="updateUserRegressionCases" data-provider="updateUserData" test-instance-name="updateUserRegressionCases_MissingAdminAndPassword" finished-at="2019-10-08T20:32:25 ART" duration-ms="1185" status="PASS">
          <params>
            <param index="0">
              <value>
                <![CDATA[MissingUsername]]>
              </value>
            </param>
            <param index="1">
              <value>
                <![CDATA[{"password":"waestestpass","name":"New test user 108","dateOfBirth":"2019-10-06","id":5,"isAdmin":false,"email":"newtestuser108@wearewaes.com","superpower":"Henki dama","username":"test-user-108"}]]>
              </value>
            </param>
            <param index="2">
              <value>
                <![CDATA[200]]>
              </value>
            </param>
          </params>
          <reporter-output>
            <line>
              <![CDATA[step 1: Perform PUT user call with parametrized payload]]>
            </line>
            <line>
              <![CDATA[REQUEST: PUT User - /waesheroes/api/v1/users]]>
            </line>
            <line>
              <![CDATA[Header -> Content-Type: application/json]]>
            </line>
            <line>
              <![CDATA[Header -> Authorization: Basic dGVzdC11c2VyLTEwODp3YWVzdGVzdHBhc3M=]]>
            </line>
            <line>
              <![CDATA[Body -> {"password":"waestestpass","name":"New test user 108","dateOfBirth":"2019-10-06","id":5,"isAdmin":false,"email":"newtestuser108@wearewaes.com","superpower":"Henki dama","username":"test-user-108"}]]>
            </line>
            <line>
              <![CDATA[RESPONSE: ]]>
            </line>
            <line>
              <![CDATA[Code -> 200]]>
            </line>
            <line>
              <![CDATA[Body -> {"id":5,"name":"New test user 108","username":"test-user-108","email":"newtestuser108@wearewaes.com","superpower":"Henki dama","dateOfBirth":"2019-10-06","isAdmin":false}]]>
            </line>
            <line>
              <![CDATA[step 2: Validate response code and message is the expected (if necessary).]]>
            </line>
          </reporter-output>
        </test-method> <!-- updateUserRegressionCases -->
        <test-method is-config="true" signature="endTest(org.testng.ITestResult)[pri:0, instance:waesqa.UpdateUserTest@5669c5fb]" started-at="2019-10-08T20:32:25 ART" name="endTest" test-instance-name="updateUserRegressionCases_MissingAdminAndPassword" finished-at="2019-10-08T20:32:25 ART" duration-ms="0" status="PASS">
          <params>
            <param index="0">
              <value>
                <![CDATA[[TestResult name=updateUserRegressionCases_MissingUsername status=SUCCESS method=UpdateUserTest.updateUserRegressionCases(java.lang.String, org.json.JSONObject, int)[pri:0, instance:waesqa.UpdateUserTest@5669c5fb] output=step 1: Perform PUT user call with parametrized payload]]]>
              </value>
            </param>
          </params>
          <reporter-output>
          </reporter-output>
        </test-method> <!-- endTest -->
        <test-method signature="updateUserRegressionCases(java.lang.String, org.json.JSONObject, int)[pri:0, instance:waesqa.UpdateUserTest@5669c5fb]" started-at="2019-10-08T20:32:25 ART" name="updateUserRegressionCases" data-provider="updateUserData" test-instance-name="updateUserRegressionCases_MissingAdminAndPassword" finished-at="2019-10-08T20:32:26 ART" duration-ms="1181" status="PASS">
          <params>
            <param index="0">
              <value>
                <![CDATA[MissingEmail]]>
              </value>
            </param>
            <param index="1">
              <value>
                <![CDATA[{"password":"waestestpass","name":"New test user 108","dateOfBirth":"2019-10-06","id":5,"isAdmin":false,"superpower":"Henki dama","username":"test-user-108"}]]>
              </value>
            </param>
            <param index="2">
              <value>
                <![CDATA[400]]>
              </value>
            </param>
          </params>
          <reporter-output>
            <line>
              <![CDATA[step 1: Perform PUT user call with parametrized payload]]>
            </line>
            <line>
              <![CDATA[REQUEST: PUT User - /waesheroes/api/v1/users]]>
            </line>
            <line>
              <![CDATA[Header -> Content-Type: application/json]]>
            </line>
            <line>
              <![CDATA[Header -> Authorization: Basic dGVzdC11c2VyLTEwODp3YWVzdGVzdHBhc3M=]]>
            </line>
            <line>
              <![CDATA[Body -> {"password":"waestestpass","name":"New test user 108","dateOfBirth":"2019-10-06","id":5,"isAdmin":false,"superpower":"Henki dama","username":"test-user-108"}]]>
            </line>
            <line>
              <![CDATA[RESPONSE: ]]>
            </line>
            <line>
              <![CDATA[Code -> 400]]>
            </line>
            <line>
              <![CDATA[Body -> {"timestamp":"2019-10-08T23:32:25.299+0000","status":400,"error":"Bad Request","message":"Could not commit JPA transaction; nested exception is javax.persistence.RollbackException: Error while committing the transaction","path":"uri=/waesheroes/api/v1/users"}]]>
            </line>
            <line>
              <![CDATA[step 2: Validate response code and message is the expected (if necessary).]]>
            </line>
          </reporter-output>
        </test-method> <!-- updateUserRegressionCases -->
        <test-method is-config="true" signature="BeforeMethod(java.lang.reflect.Method, [Ljava.lang.Object;, org.testng.ITestContext)[pri:0, instance:waesqa.UpdateUserTest@5669c5fb]" started-at="2019-10-08T20:32:25 ART" name="BeforeMethod" test-instance-name="updateUserRegressionCases_MissingAdminAndPassword" finished-at="2019-10-08T20:32:25 ART" duration-ms="0" status="PASS">
          <params>
            <param index="0">
              <value>
                <![CDATA[public void waesqa.UpdateUserTest.updateUserRegressionCases(java.lang.String,org.json.JSONObject,int) throws java.lang.InterruptedException]]>
              </value>
            </param>
            <param index="1">
              <value>
                <![CDATA[[Ljava.lang.Object;@119d4443]]>
              </value>
            </param>
            <param index="2">
              <value>
                <![CDATA[org.testng.TestRunner@69feb4d9]]>
              </value>
            </param>
          </params>
          <reporter-output>
            <line>
              <![CDATA[RUNNING TEST: *** updateUserRegressionCases_MissingEmail ***]]>
            </line>
          </reporter-output>
        </test-method> <!-- BeforeMethod -->
        <test-method is-config="true" signature="endTest(org.testng.ITestResult)[pri:0, instance:waesqa.UpdateUserTest@5669c5fb]" started-at="2019-10-08T20:32:26 ART" name="endTest" test-instance-name="updateUserRegressionCases_MissingAdminAndPassword" finished-at="2019-10-08T20:32:26 ART" duration-ms="1" status="PASS">
          <params>
            <param index="0">
              <value>
                <![CDATA[[TestResult name=updateUserRegressionCases_MissingEmail status=SUCCESS method=UpdateUserTest.updateUserRegressionCases(java.lang.String, org.json.JSONObject, int)[pri:0, instance:waesqa.UpdateUserTest@5669c5fb] output=step 1: Perform PUT user call with parametrized payload]]]>
              </value>
            </param>
          </params>
          <reporter-output>
          </reporter-output>
        </test-method> <!-- endTest -->
        <test-method is-config="true" signature="BeforeMethod(java.lang.reflect.Method, [Ljava.lang.Object;, org.testng.ITestContext)[pri:0, instance:waesqa.UpdateUserTest@5669c5fb]" started-at="2019-10-08T20:32:26 ART" name="BeforeMethod" test-instance-name="updateUserRegressionCases_MissingAdminAndPassword" finished-at="2019-10-08T20:32:26 ART" duration-ms="1" status="PASS">
          <params>
            <param index="0">
              <value>
                <![CDATA[public void waesqa.UpdateUserTest.updateUserRegressionCases(java.lang.String,org.json.JSONObject,int) throws java.lang.InterruptedException]]>
              </value>
            </param>
            <param index="1">
              <value>
                <![CDATA[[Ljava.lang.Object;@773eca84]]>
              </value>
            </param>
            <param index="2">
              <value>
                <![CDATA[org.testng.TestRunner@69feb4d9]]>
              </value>
            </param>
          </params>
          <reporter-output>
            <line>
              <![CDATA[RUNNING TEST: *** updateUserRegressionCases_MissingSuperpower ***]]>
            </line>
          </reporter-output>
        </test-method> <!-- BeforeMethod -->
        <test-method signature="updateUserRegressionCases(java.lang.String, org.json.JSONObject, int)[pri:0, instance:waesqa.UpdateUserTest@5669c5fb]" started-at="2019-10-08T20:32:26 ART" name="updateUserRegressionCases" data-provider="updateUserData" test-instance-name="updateUserRegressionCases_MissingAdminAndPassword" finished-at="2019-10-08T20:32:27 ART" duration-ms="1176" status="PASS">
          <params>
            <param index="0">
              <value>
                <![CDATA[MissingSuperpower]]>
              </value>
            </param>
            <param index="1">
              <value>
                <![CDATA[{"password":"waestestpass","name":"New test user 108","dateOfBirth":"2019-10-06","id":5,"isAdmin":false,"email":"newtestuser108@wearewaes.com","username":"test-user-108"}]]>
              </value>
            </param>
            <param index="2">
              <value>
                <![CDATA[200]]>
              </value>
            </param>
          </params>
          <reporter-output>
[...]
            </line>
            <line>
              <![CDATA[RESPONSE: ]]>
            </line>
            <line>
              <![CDATA[Code -> 400]]>
            </line>
            <line>
              <![CDATA[Body -> {"timestamp":"2019-10-08T23:32:32.392+0000","status":400,"error":"Bad Request","message":"Could not commit JPA transaction; nested exception is javax.persistence.RollbackException: Error while committing the transaction","path":"uri=/waesheroes/api/v1/users"}]]>
            </line>
            <line>
              <![CDATA[step 2: Validate response code and message is the expected (if necessary).]]>
            </line>
          </reporter-output>
        </test-method> <!-- updateUserRegressionCases -->
        <test-method is-config="true" signature="endTest(org.testng.ITestResult)[pri:0, instance:waesqa.UpdateUserTest@5669c5fb]" started-at="2019-10-08T20:32:33 ART" name="endTest" test-instance-name="updateUserRegressionCases_MissingAdminAndPassword" finished-at="2019-10-08T20:32:33 ART" duration-ms="0" status="PASS">
          <params>
            <param index="0">
              <value>
                <![CDATA[[TestResult name=updateUserRegressionCases_MissingUsernameAndEmail status=SUCCESS method=UpdateUserTest.updateUserRegressionCases(java.lang.String, org.json.JSONObject, int)[pri:0, instance:waesqa.UpdateUserTest@5669c5fb] output=step 1: Perform PUT user call with parametrized payload]]]>
              </value>
            </param>
          </params>
          <reporter-output>
          </reporter-output>
        </test-method> <!-- endTest -->
        <test-method is-config="true" signature="BeforeMethod(java.lang.reflect.Method, [Ljava.lang.Object;, org.testng.ITestContext)[pri:0, instance:waesqa.UpdateUserTest@5669c5fb]" started-at="2019-10-08T20:32:33 ART" name="BeforeMethod" test-instance-name="updateUserRegressionCases_MissingAdminAndPassword" finished-at="2019-10-08T20:32:33 ART" duration-ms="1" status="PASS">
          <params>
            <param index="0">
              <value>
                <![CDATA[public void waesqa.UpdateUserTest.updateUserRegressionCases(java.lang.String,org.json.JSONObject,int) throws java.lang.InterruptedException]]>
              </value>
            </param>
            <param index="1">
              <value>
                <![CDATA[[Ljava.lang.Object;@7e0f9528]]>
              </value>
            </param>
            <param index="2">
              <value>
                <![CDATA[org.testng.TestRunner@69feb4d9]]>
              </value>
            </param>
          </params>
          <reporter-output>
            <line>
              <![CDATA[RUNNING TEST: *** updateUserRegressionCases_MissingEmailAndSuperpower ***]]>
            </line>
          </reporter-output>
        </test-method> <!-- BeforeMethod -->
        <test-method signature="updateUserRegressionCases(java.lang.String, org.json.JSONObject, int)[pri:0, instance:waesqa.UpdateUserTest@5669c5fb]" started-at="2019-10-08T20:32:33 ART" name="updateUserRegressionCases" data-provider="updateUserData" test-instance-name="updateUserRegressionCases_MissingAdminAndPassword" finished-at="2019-10-08T20:32:34 ART" duration-ms="1153" status="PASS">
          <params>
            <param index="0">
              <value>
                <![CDATA[MissingEmailAndSuperpower]]>
              </value>
            </param>
            <param index="1">
              <value>
                <![CDATA[{"password":"waestestpass","name":"New test user 108","dateOfBirth":"2019-10-06","id":5,"isAdmin":false,"username":"test-user-108"}]]>
              </value>
            </param>
            <param index="2">
              <value>
                <![CDATA[400]]>
              </value>
            </param>
          </params>
          <reporter-output>
            <line>
              <![CDATA[step 1: Perform PUT user call with parametrized payload]]>
            </line>
            <line>
              <![CDATA[REQUEST: PUT User - /waesheroes/api/v1/users]]>
            </line>
            <line>
              <![CDATA[Header -> Content-Type: application/json]]>
            </line>
            <line>
              <![CDATA[Header -> Authorization: Basic dGVzdC11c2VyLTEwODp3YWVzdGVzdHBhc3M=]]>
            </line>
            <line>
              <![CDATA[Body -> {"password":"waestestpass","name":"New test user 108","dateOfBirth":"2019-10-06","id":5,"isAdmin":false,"username":"test-user-108"}]]>
            </line>
            <line>
              <![CDATA[RESPONSE: ]]>
            </line>
            <line>
              <![CDATA[Code -> 400]]>
            </line>
            <line>
              <![CDATA[Body -> {"timestamp":"2019-10-08T23:32:33.563+0000","status":400,"error":"Bad Request","message":"Could not commit JPA transaction; nested exception is javax.persistence.RollbackException: Error while committing the transaction","path":"uri=/waesheroes/api/v1/users"}]]>
            </line>
            <line>
              <![CDATA[step 2: Validate response code and message is the expected (if necessary).]]>
            </line>
          </reporter-output>
        </test-method> <!-- updateUserRegressionCases -->
        <test-method is-config="true" signature="endTest(org.testng.ITestResult)[pri:0, instance:waesqa.UpdateUserTest@5669c5fb]" started-at="2019-10-08T20:32:34 ART" name="endTest" test-instance-name="updateUserRegressionCases_MissingAdminAndPassword" finished-at="2019-10-08T20:32:34 ART" duration-ms="1" status="PASS">
          <params>
            <param index="0">
              <value>
                <![CDATA[[TestResult name=updateUserRegressionCases_MissingEmailAndSuperpower status=SUCCESS method=UpdateUserTest.updateUserRegressionCases(java.lang.String, org.json.JSONObject, int)[pri:0, instance:waesqa.UpdateUserTest@5669c5fb] output=step 1: Perform PUT user call with parametrized payload]]]>
              </value>
            </param>
          </params>
          <reporter-output>
          </reporter-output>
        </test-method> <!-- endTest -->
        <test-method is-config="true" signature="BeforeMethod(java.lang.reflect.Method, [Ljava.lang.Object;, org.testng.ITestContext)[pri:0, instance:waesqa.UpdateUserTest@5669c5fb]" started-at="2019-10-08T20:32:34 ART" name="BeforeMethod" test-instance-name="updateUserRegressionCases_MissingAdminAndPassword" finished-at="2019-10-08T20:32:34 ART" duration-ms="1" status="PASS">
          <params>
            <param index="0">
              <value>
                <![CDATA[public void waesqa.UpdateUserTest.updateUserRegressionCases(java.lang.String,org.json.JSONObject,int) throws java.lang.InterruptedException]]>
              </value>
            </param>
            <param index="1">
              <value>
                <![CDATA[[Ljava.lang.Object;@5f56424d]]>
              </value>
            </param>
            <param index="2">
              <value>
                <![CDATA[org.testng.TestRunner@69feb4d9]]>
              </value>
            </param>
          </params>
          <reporter-output>
            <line>
              <![CDATA[RUNNING TEST: *** updateUserRegressionCases_MissingSuperpowerAndDoB ***]]>
            </line>
          </reporter-output>
        </test-method> <!-- BeforeMethod -->
        <test-method signature="updateUserRegressionCases(java.lang.String, org.json.JSONObject, int)[pri:0, instance:waesqa.UpdateUserTest@5669c5fb]" started-at="2019-10-08T20:32:34 ART" name="updateUserRegressionCases" data-provider="updateUserData" test-instance-name="updateUserRegressionCases_MissingAdminAndPassword" finished-at="2019-10-08T20:32:35 ART" duration-ms="1167" status="PASS">
          <params>
            <param index="0">
              <value>
                <![CDATA[MissingSuperpowerAndDoB]]>
              </value>
            </param>
            <param index="1">
              <value>
                <![CDATA[{"password":"waestestpass","name":"New test user 108","id":5,"isAdmin":false,"email":"newtestuser108@wearewaes.com","username":"test-user-108"}]]>
              </value>
            </param>
            <param index="2">
              <value>
                <![CDATA[200]]>
              </value>
            </param>
          </params>
          <reporter-output>
            <line>
              <![CDATA[step 1: Perform PUT user call with parametrized payload]]>
            </line>
            <line>
              <![CDATA[REQUEST: PUT User - /waesheroes/api/v1/users]]>
            </line>
            <line>
              <![CDATA[Header -> Content-Type: application/json]]>
            </line>
            <line>
              <![CDATA[Header -> Authorization: Basic dGVzdC11c2VyLTEwODp3YWVzdGVzdHBhc3M=]]>
            </line>
            <line>
              <![CDATA[Body -> {"password":"waestestpass","name":"New test user 108","id":5,"isAdmin":false,"email":"newtestuser108@wearewaes.com","username":"test-user-108"}]]>
            </line>
            <line>
              <![CDATA[RESPONSE: ]]>
            </line>
            <line>
              <![CDATA[Code -> 200]]>
            </line>
            <line>
              <![CDATA[Body -> {"id":5,"name":"New test user 108","username":"test-user-108","email":"newtestuser108@wearewaes.com","superpower":null,"dateOfBirth":null,"isAdmin":false}]]>
            </line>
            <line>
              <![CDATA[step 2: Validate response code and message is the expected (if necessary).]]>
            </line>
          </reporter-output>
        </test-method> <!-- updateUserRegressionCases -->
        <test-method is-config="true" signature="endTest(org.testng.ITestResult)[pri:0, instance:waesqa.UpdateUserTest@5669c5fb]" started-at="2019-10-08T20:32:35 ART" name="endTest" test-instance-name="updateUserRegressionCases_MissingAdminAndPassword" finished-at="2019-10-08T20:32:35 ART" duration-ms="1" status="PASS">
          <params>
            <param index="0">
              <value>
                <![CDATA[[TestResult name=updateUserRegressionCases_MissingSuperpowerAndDoB status=SUCCESS method=UpdateUserTest.updateUserRegressionCases(java.lang.String, org.json.JSONObject, int)[pri:0, instance:waesqa.UpdateUserTest@5669c5fb] output=step 1: Perform PUT user call with parametrized payload]]]>
              </value>
            </param>
          </params>
          <reporter-output>
          </reporter-output>
        </test-method> <!-- endTest -->
        <test-method is-config="true" signature="BeforeMethod(java.lang.reflect.Method, [Ljava.lang.Object;, org.testng.ITestContext)[pri:0, instance:waesqa.UpdateUserTest@5669c5fb]" started-at="2019-10-08T20:32:35 ART" name="BeforeMethod" test-instance-name="updateUserRegressionCases_MissingAdminAndPassword" finished-at="2019-10-08T20:32:35 ART" duration-ms="1" status="PASS">
          <params>
            <param index="0">
              <value>
                <![CDATA[public void waesqa.UpdateUserTest.updateUserRegressionCases(java.lang.String,org.json.JSONObject,int) throws java.lang.InterruptedException]]>
              </value>
            </param>
            <param index="1">
              <value>
                <![CDATA[[Ljava.lang.Object;@237b2852]]>
              </value>
            </param>
            <param index="2">
              <value>
                <![CDATA[org.testng.TestRunner@69feb4d9]]>
              </value>
            </param>
          </params>
          <reporter-output>
            <line>
              <![CDATA[RUNNING TEST: *** updateUserRegressionCases_MissingDoBAndAdmin ***]]>
            </line>
          </reporter-output>
        </test-method> <!-- BeforeMethod -->
        <test-method signature="updateUserRegressionCases(java.lang.String, org.json.JSONObject, int)[pri:0, instance:waesqa.UpdateUserTest@5669c5fb]" started-at="2019-10-08T20:32:35 ART" name="updateUserRegressionCases" data-provider="updateUserData" test-instance-name="updateUserRegressionCases_MissingAdminAndPassword" finished-at="2019-10-08T20:32:36 ART" duration-ms="1163" status="PASS">
          <params>
            <param index="0">
              <value>
                <![CDATA[MissingDoBAndAdmin]]>
              </value>
            </param>
            <param index="1">
              <value>
                <![CDATA[{"password":"waestestpass","name":"New test user 108","id":5,"email":"newtestuser108@wearewaes.com","superpower":"Henki dama","username":"test-user-108"}]]>
              </value>
            </param>
            <param index="2">
              <value>
                <![CDATA[200]]>
              </value>
            </param>
          </params>
          <reporter-output>
            <line>
              <![CDATA[step 1: Perform PUT user call with parametrized payload]]>
            </line>
            <line>
              <![CDATA[REQUEST: PUT User - /waesheroes/api/v1/users]]>
            </line>
            <line>
              <![CDATA[Header -> Content-Type: application/json]]>
            </line>
            <line>
              <![CDATA[Header -> Authorization: Basic dGVzdC11c2VyLTEwODp3YWVzdGVzdHBhc3M=]]>
            </line>
            <line>
              <![CDATA[Body -> {"password":"waestestpass","name":"New test user 108","id":5,"email":"newtestuser108@wearewaes.com","superpower":"Henki dama","username":"test-user-108"}]]>
            </line>
            <line>
              <![CDATA[RESPONSE: ]]>
            </line>
            <line>
              <![CDATA[Code -> 200]]>
            </line>
            <line>
              <![CDATA[Body -> {"id":5,"name":"New test user 108","username":"test-user-108","email":"newtestuser108@wearewaes.com","superpower":"Henki dama","dateOfBirth":null,"isAdmin":null}]]>
            </line>
            <line>
              <![CDATA[step 2: Validate response code and message is the expected (if necessary).]]>
            </line>
          </reporter-output>
        </test-method> <!-- updateUserRegressionCases -->
        <test-method is-config="true" signature="endTest(org.testng.ITestResult)[pri:0, instance:waesqa.UpdateUserTest@5669c5fb]" started-at="2019-10-08T20:32:36 ART" name="endTest" test-instance-name="updateUserRegressionCases_MissingAdminAndPassword" finished-at="2019-10-08T20:32:36 ART" duration-ms="1" status="PASS">
          <params>
            <param index="0">
              <value>
                <![CDATA[[TestResult name=updateUserRegressionCases_MissingDoBAndAdmin status=SUCCESS method=UpdateUserTest.updateUserRegressionCases(java.lang.String, org.json.JSONObject, int)[pri:0, instance:waesqa.UpdateUserTest@5669c5fb] output=step 1: Perform PUT user call with parametrized payload]]]>
              </value>
            </param>
          </params>
          <reporter-output>
          </reporter-output>
        </test-method> <!-- endTest -->
        <test-method is-config="true" signature="BeforeMethod(java.lang.reflect.Method, [Ljava.lang.Object;, org.testng.ITestContext)[pri:0, instance:waesqa.UpdateUserTest@5669c5fb]" started-at="2019-10-08T20:32:36 ART" name="BeforeMethod" test-instance-name="updateUserRegressionCases_MissingAdminAndPassword" finished-at="2019-10-08T20:32:36 ART" duration-ms="1" status="PASS">
          <params>
            <param index="0">
              <value>
                <![CDATA[public void waesqa.UpdateUserTest.updateUserRegressionCases(java.lang.String,org.json.JSONObject,int) throws java.lang.InterruptedException]]>
              </value>
            </param>
            <param index="1">
              <value>
                <![CDATA[[Ljava.lang.Object;@448cdb47]]>
              </value>
            </param>
            <param index="2">
              <value>
                <![CDATA[org.testng.TestRunner@69feb4d9]]>
              </value>
            </param>
          </params>
          <reporter-output>
            <line>
              <![CDATA[RUNNING TEST: *** updateUserRegressionCases_MissingAdminAndPassword ***]]>
            </line>
          </reporter-output>
        </test-method> <!-- BeforeMethod -->
        <test-method signature="updateUserRegressionCases(java.lang.String, org.json.JSONObject, int)[pri:0, instance:waesqa.UpdateUserTest@5669c5fb]" started-at="2019-10-08T20:32:36 ART" name="updateUserRegressionCases" data-provider="updateUserData" test-instance-name="updateUserRegressionCases_MissingAdminAndPassword" finished-at="2019-10-08T20:32:38 ART" duration-ms="1165" status="PASS">
          <params>
            <param index="0">
              <value>
                <![CDATA[MissingAdminAndPassword]]>
              </value>
            </param>
            <param index="1">
              <value>
                <![CDATA[{"password":"waestestpass","name":"New test user 108","dateOfBirth":"2019-10-06","id":5,"email":"newtestuser108@wearewaes.com","superpower":"Henki dama","username":"test-user-108"}]]>
              </value>
            </param>
            <param index="2">
              <value>
                <![CDATA[200]]>
              </value>
            </param>
          </params>
          <reporter-output>
            <line>
              <![CDATA[step 1: Perform PUT user call with parametrized payload]]>
            </line>
            <line>
              <![CDATA[REQUEST: PUT User - /waesheroes/api/v1/users]]>
            </line>
            <line>
              <![CDATA[Header -> Content-Type: application/json]]>
            </line>
            <line>
              <![CDATA[Header -> Authorization: Basic dGVzdC11c2VyLTEwODp3YWVzdGVzdHBhc3M=]]>
            </line>
            <line>
              <![CDATA[Body -> {"password":"waestestpass","name":"New test user 108","dateOfBirth":"2019-10-06","id":5,"email":"newtestuser108@wearewaes.com","superpower":"Henki dama","username":"test-user-108"}]]>
            </line>
            <line>
              <![CDATA[RESPONSE: ]]>
            </line>
            <line>
              <![CDATA[Code -> 200]]>
            </line>
            <line>
              <![CDATA[Body -> {"id":5,"name":"New test user 108","username":"test-user-108","email":"newtestuser108@wearewaes.com","superpower":"Henki dama","dateOfBirth":"2019-10-06","isAdmin":null}]]>
            </line>
            <line>
              <![CDATA[step 2: Validate response code and message is the expected (if necessary).]]>
            </line>
          </reporter-output>
        </test-method> <!-- updateUserRegressionCases -->
        <test-method is-config="true" signature="endTest(org.testng.ITestResult)[pri:0, instance:waesqa.UpdateUserTest@5669c5fb]" started-at="2019-10-08T20:32:38 ART" name="endTest" test-instance-name="updateUserRegressionCases_MissingAdminAndPassword" finished-at="2019-10-08T20:32:38 ART" duration-ms="1" status="PASS">
          <params>
            <param index="0">
              <value>
                <![CDATA[[TestResult name=updateUserRegressionCases_MissingAdminAndPassword status=SUCCESS method=UpdateUserTest.updateUserRegressionCases(java.lang.String, org.json.JSONObject, int)[pri:0, instance:waesqa.UpdateUserTest@5669c5fb] output=step 1: Perform PUT user call with parametrized payload]]]>
              </value>
            </param>
          </params>
          <reporter-output>
          </reporter-output>
        </test-method> <!-- endTest -->
        <test-method is-config="true" signature="tearDownSuite()[pri:0, instance:waesqa.UpdateUserTest@5669c5fb]" started-at="2019-10-08T20:32:38 ART" name="tearDownSuite" test-instance-name="updateUserRegressionCases_MissingAdminAndPassword" finished-at="2019-10-08T20:32:38 ART" duration-ms="194" status="PASS">
          <reporter-output>
          </reporter-output>
        </test-method> <!-- tearDownSuite -->
      </class> <!-- waesqa.UpdateUserTest -->
    </test> <!-- waes-test -->
  </suite> <!-- Default Suite -->
</testng-results>
